<?xml version="1.0" encoding="UTF-8"?>
<!-- Generated by org.testng.reporters.JUnitXMLReporter -->
<testsuite hostname="uday" tests="9" failures="0" timestamp="21 Apr 2015 03:22:27 GMT" time="0.16" errors="0">
  <testcase name="negativeTestPalindrome1" time="0.06" classname="Palindrome"/>
  <testcase name="negativeTestPalindrome2" time="0.002" classname="Palindrome"/>
  <testcase name="negativeTestPalindrome3" time="0.003" classname="Palindrome"/>
  <testcase name="negativeTestPalindrome4" time="0.002" classname="Palindrome"/>
  <testcase name="negativeTestPalindrome6" time="0.002" classname="Palindrome"/>
  <testcase name="positiveTestPalindrome1" time="0.002" classname="Palindrome"/>
  <testcase name="positiveTestPalindrome2" time="0.001" classname="Palindrome"/>
  <testcase name="positiveTestPalindrome3" time="0.002" classname="Palindrome"/>
  <testcase name="positiveTestPalindrome5" time="0.002" classname="Palindrome"/>
</testsuite>
