<?xml version="1.0" encoding="UTF-8"?>
<testng-results skipped="0" failed="0" total="9" passed="9">
  <reporter-output>
  </reporter-output>
  <suite name="PalindromeTests" duration-ms="117" started-at="2015-04-21T04:47:40Z" finished-at="2015-04-21T04:47:40Z">
    <groups>
    </groups>
    <test name="TestCases" duration-ms="117" started-at="2015-04-21T04:47:40Z" finished-at="2015-04-21T04:47:40Z">
      <class name="com.bayamp.palindrometests.Palindrome">
        <test-method status="PASS" signature="negativeTestPalindrome1()[pri:0, instance:com.bayamp.palindrometests.Palindrome@6fffcba5]" name="negativeTestPalindrome1" duration-ms="44" started-at="2015-04-20T21:47:40Z" finished-at="2015-04-20T21:47:40Z">
          <reporter-output>
          </reporter-output>
        </test-method> <!-- negativeTestPalindrome1 -->
        <test-method status="PASS" signature="negativeTestPalindrome2()[pri:0, instance:com.bayamp.palindrometests.Palindrome@6fffcba5]" name="negativeTestPalindrome2" duration-ms="2" started-at="2015-04-20T21:47:40Z" finished-at="2015-04-20T21:47:40Z">
          <reporter-output>
          </reporter-output>
        </test-method> <!-- negativeTestPalindrome2 -->
        <test-method status="PASS" signature="negativeTestPalindrome3()[pri:0, instance:com.bayamp.palindrometests.Palindrome@6fffcba5]" name="negativeTestPalindrome3" duration-ms="2" started-at="2015-04-20T21:47:40Z" finished-at="2015-04-20T21:47:40Z">
          <reporter-output>
          </reporter-output>
        </test-method> <!-- negativeTestPalindrome3 -->
        <test-method status="PASS" signature="negativeTestPalindrome4()[pri:0, instance:com.bayamp.palindrometests.Palindrome@6fffcba5]" name="negativeTestPalindrome4" duration-ms="2" started-at="2015-04-20T21:47:40Z" finished-at="2015-04-20T21:47:40Z">
          <reporter-output>
          </reporter-output>
        </test-method> <!-- negativeTestPalindrome4 -->
        <test-method status="PASS" signature="negativeTestPalindrome6()[pri:0, instance:com.bayamp.palindrometests.Palindrome@6fffcba5]" name="negativeTestPalindrome6" duration-ms="2" started-at="2015-04-20T21:47:40Z" finished-at="2015-04-20T21:47:40Z">
          <reporter-output>
          </reporter-output>
        </test-method> <!-- negativeTestPalindrome6 -->
        <test-method status="PASS" signature="positiveTestPalindrome1()[pri:0, instance:com.bayamp.palindrometests.Palindrome@6fffcba5]" name="positiveTestPalindrome1" duration-ms="1" started-at="2015-04-20T21:47:40Z" finished-at="2015-04-20T21:47:40Z">
          <reporter-output>
          </reporter-output>
        </test-method> <!-- positiveTestPalindrome1 -->
        <test-method status="PASS" signature="positiveTestPalindrome2()[pri:0, instance:com.bayamp.palindrometests.Palindrome@6fffcba5]" name="positiveTestPalindrome2" duration-ms="2" started-at="2015-04-20T21:47:40Z" finished-at="2015-04-20T21:47:40Z">
          <reporter-output>
          </reporter-output>
        </test-method> <!-- positiveTestPalindrome2 -->
        <test-method status="PASS" signature="positiveTestPalindrome3()[pri:0, instance:com.bayamp.palindrometests.Palindrome@6fffcba5]" name="positiveTestPalindrome3" duration-ms="2" started-at="2015-04-20T21:47:40Z" finished-at="2015-04-20T21:47:40Z">
          <reporter-output>
          </reporter-output>
        </test-method> <!-- positiveTestPalindrome3 -->
        <test-method status="PASS" signature="positiveTestPalindrome5()[pri:0, instance:com.bayamp.palindrometests.Palindrome@6fffcba5]" name="positiveTestPalindrome5" duration-ms="3" started-at="2015-04-20T21:47:40Z" finished-at="2015-04-20T21:47:40Z">
          <reporter-output>
          </reporter-output>
        </test-method> <!-- positiveTestPalindrome5 -->
      </class> <!-- com.bayamp.palindrometests.Palindrome -->
    </test> <!-- TestCases -->
  </suite> <!-- PalindromeTests -->
</testng-results>
