<?xml version="1.0" encoding="UTF-8"?>
<!-- Generated by org.testng.reporters.JUnitXMLReporter -->
<testsuite hostname="uday" name="P2 Tests" tests="3" failures="0" timestamp="11 Apr 2015 07:42:00 GMT" time="14.491" errors="0">
  <testcase name="loadPage" time="3.29" classname="com.facebook.tests.Login_Tests"/>
  <testcase name="emailID" time="0.858" classname="com.facebook.tests.Login_Tests"/>
  <testcase name="passwordTokens" time="0.471" classname="com.facebook.tests.Login_Tests"/>
</testsuite> <!-- P2 Tests -->
