<?xml version="1.0" encoding="UTF-8"?>
<!-- Generated by org.testng.reporters.JUnitXMLReporter -->
<testsuite hostname="uday" name="Default test" tests="3" failures="0" timestamp="11 Apr 2015 04:56:12 GMT" time="43.963" errors="0">
  <testcase name="loadPage" time="28.506" classname="com.facebook.tests.Login_Tests"/>
  <testcase name="emailID" time="0.95" classname="com.facebook.tests.Login_Tests"/>
  <testcase name="passwordTokens" time="0.476" classname="com.facebook.tests.Login_Tests"/>
</testsuite> <!-- Default test -->
